<?xml version="1.0" encoding="UTF-8"?>
<testsuites name="TS_Swaglabs" time="311.999" tests="4" failures="0" errors="0">
   <testsuite name="TS_Swaglabs" tests="4" failures="0" errors="0" time="311.999" skipped="0" timestamp="2023-10-22 21:36:58" hostname="ASUS - DESKTOP-OAF2AN5" id="Test Suites/TS_Swaglabs/TS_Swaglabs">
      <properties>
         <property name="deviceName" value=""/>
         <property name="devicePlatform" value=""/>
         <property name="logFolder" value="C:\\Users\\ASUS\\Katalon Studio\\Web swaglab CI-cD\\Reports\\20231022_213608\\TS_Swaglabs\\TS_Swaglabs\\20231022_213608"/>
         <property name="logFiles" value="C:\\Users\\ASUS\\Katalon Studio\\Web swaglab CI-cD\\Reports\\20231022_213608\\TS_Swaglabs\\TS_Swaglabs\\20231022_213608\\execution0.log"/>
         <property name="attachments" value=""/>
         <property name="hostName" value="ASUS - DESKTOP-OAF2AN5"/>
         <property name="os" value="Windows 10 64bit"/>
         <property name="katalonVersion" value="8.2.5.208"/>
         <property name="browser" value="Firefox 113.0"/>
         <property name="hostAddress" value="192.168.72.127"/>
         <property name="sessionId" value="4f77e5ca-c0b9-4370-bb9a-cb9aa77722ac"/>
         <property name="seleniumVersion" value="3.141.59"/>
         <property name="proxyInformation" value="ProxyInformation { proxyOption=NO_PROXY, proxyServerType=HTTP, username=, password=********, proxyServerAddress=, proxyServerPort=0, executionList=&quot;&quot;, isApplyToDesiredCapabilities=true }"/>
         <property name="platform" value="Windows 10"/>
      </properties>
      <testcase name="Test Cases/Positive_Case_Login/TC01_Login" time="201.963" classname="Test Cases/Positive_Case_Login/TC01_Login" status="PASSED">
         <system-out><![CDATA[2023-10-22 21:36:59 - [TEST_CASE][PASSED] - Test Cases/Positive_Case_Login/TC01_Login: Test Cases/Positive_Case_Login/TC01_Login

2023-10-22 21:37:00 - [TEST_STEP][PASSED] - openBrowser("https://www.saucedemo.com/"): Browser is opened with url: 'https://www.saucedemo.com/'

2023-10-22 21:37:01 - [MESSAGE][INFO] - Starting 'Firefox' driver

2023-10-22 21:37:01 - [MESSAGE][INFO] - Action delay is set to 0 milliseconds

2023-10-22 21:37:53 - [MESSAGE][PASSED] - Browser is opened with url: 'https://www.saucedemo.com/'

2023-10-22 21:37:53 - [TEST_STEP][PASSED] - setText(findTestObject("Login/Username"), "standard_user"): Text 'standard_user' is set on object 'Object Repository/Login/Username'

2023-10-22 21:38:57 - [MESSAGE][PASSED] - Text 'standard_user' is set on object 'Object Repository/Login/Username'

2023-10-22 21:38:57 - [TEST_STEP][PASSED] - setText(findTestObject("Login/Password"), "secret_sauce"): Text 'secret_sauce' is set on object 'Object Repository/Login/Password'

2023-10-22 21:39:42 - [MESSAGE][PASSED] - Text 'secret_sauce' is set on object 'Object Repository/Login/Password'

2023-10-22 21:39:42 - [TEST_STEP][PASSED] - click(findTestObject("Login/Login")): Object: 'Object Repository/Login/Login' is clicked on

2023-10-22 21:40:21 - [MESSAGE][PASSED] - Object: 'Object Repository/Login/Login' is clicked on]]></system-out>
         <system-err><![CDATA[]]></system-err>
      </testcase>
      <testcase name="Test Cases/Positive_Case_Add_To_Card/TC02_Add_To_Card" time="45.624" classname="Test Cases/Positive_Case_Add_To_Card/TC02_Add_To_Card" status="PASSED">
         <system-out><![CDATA[2023-10-22 21:40:21 - [TEST_CASE][PASSED] - Test Cases/Positive_Case_Add_To_Card/TC02_Add_To_Card: Test Cases/Positive_Case_Add_To_Card/TC02_Add_To_Card

2023-10-22 21:40:21 - [TEST_STEP][PASSED] - callTestCase(findTestCase("Positive_Case_Login/TC01_Login"), [:], STOP_ON_FAILURE): Call Test Case 'Test Cases/Positive_Case_Login/TC01_Login' successfully

2023-10-22 21:40:22 - [TEST_CASE][PASSED] - Test Cases/Positive_Case_Login/TC01_Login: Test Cases/Positive_Case_Login/TC01_Login

2023-10-22 21:40:22 - [TEST_STEP][PASSED] - openBrowser("https://www.saucedemo.com/"): Browser is opened with url: 'https://www.saucedemo.com/'

2023-10-22 21:40:22 - [MESSAGE][WARNING] - A browser is already opened. Closing browser and opening a new one

2023-10-22 21:40:30 - [MESSAGE][INFO] - Starting 'Firefox' driver

2023-10-22 21:40:30 - [MESSAGE][INFO] - Action delay is set to 0 milliseconds

2023-10-22 21:40:56 - [MESSAGE][PASSED] - Browser is opened with url: 'https://www.saucedemo.com/'

2023-10-22 21:40:56 - [TEST_STEP][PASSED] - setText(findTestObject("Login/Username"), "standard_user"): Text 'standard_user' is set on object 'Object Repository/Login/Username'

2023-10-22 21:41:01 - [MESSAGE][PASSED] - Text 'standard_user' is set on object 'Object Repository/Login/Username'

2023-10-22 21:41:01 - [TEST_STEP][PASSED] - setText(findTestObject("Login/Password"), "secret_sauce"): Text 'secret_sauce' is set on object 'Object Repository/Login/Password'

2023-10-22 21:41:02 - [MESSAGE][PASSED] - Text 'secret_sauce' is set on object 'Object Repository/Login/Password'

2023-10-22 21:41:02 - [TEST_STEP][PASSED] - click(findTestObject("Login/Login")): Object: 'Object Repository/Login/Login' is clicked on

2023-10-22 21:41:03 - [MESSAGE][PASSED] - Object: 'Object Repository/Login/Login' is clicked on

2023-10-22 21:41:03 - [MESSAGE][PASSED] - Call Test Case 'Test Cases/Positive_Case_Login/TC01_Login' successfully

2023-10-22 21:41:03 - [TEST_STEP][PASSED] - click(findTestObject("Add_TO_Card/Btn_Add_To_Card")): Object: 'Object Repository/Add_TO_Card/Btn_Add_To_Card' is clicked on

2023-10-22 21:41:06 - [MESSAGE][PASSED] - Object: 'Object Repository/Add_TO_Card/Btn_Add_To_Card' is clicked on]]></system-out>
         <system-err><![CDATA[]]></system-err>
      </testcase>
      <testcase name="Test Cases/Positive_Case_Check_Out/TC03_Positive_Check_Out" time="31.428" classname="Test Cases/Positive_Case_Check_Out/TC03_Positive_Check_Out" status="PASSED">
         <system-out><![CDATA[2023-10-22 21:41:06 - [TEST_CASE][PASSED] - Test Cases/Positive_Case_Check_Out/TC03_Positive_Check_Out: Test Cases/Positive_Case_Check_Out/TC03_Positive_Check_Out

2023-10-22 21:41:07 - [TEST_STEP][PASSED] - callTestCase(findTestCase("Positive_Case_Add_To_Card/TC02_Add_To_Card"), [:], STOP_ON_FAILURE): Call Test Case 'Test Cases/Positive_Case_Add_To_Card/TC02_Add_To_Card' successfully

2023-10-22 21:41:07 - [TEST_CASE][PASSED] - Test Cases/Positive_Case_Add_To_Card/TC02_Add_To_Card: Test Cases/Positive_Case_Add_To_Card/TC02_Add_To_Card

2023-10-22 21:41:07 - [TEST_STEP][PASSED] - callTestCase(findTestCase("Positive_Case_Login/TC01_Login"), [:], STOP_ON_FAILURE): Call Test Case 'Test Cases/Positive_Case_Login/TC01_Login' successfully

2023-10-22 21:41:07 - [TEST_CASE][PASSED] - Test Cases/Positive_Case_Login/TC01_Login: Test Cases/Positive_Case_Login/TC01_Login

2023-10-22 21:41:07 - [TEST_STEP][PASSED] - openBrowser("https://www.saucedemo.com/"): Browser is opened with url: 'https://www.saucedemo.com/'

2023-10-22 21:41:07 - [MESSAGE][WARNING] - A browser is already opened. Closing browser and opening a new one

2023-10-22 21:41:09 - [MESSAGE][INFO] - Starting 'Firefox' driver

2023-10-22 21:41:09 - [MESSAGE][INFO] - Action delay is set to 0 milliseconds

2023-10-22 21:41:27 - [MESSAGE][PASSED] - Browser is opened with url: 'https://www.saucedemo.com/'

2023-10-22 21:41:27 - [TEST_STEP][PASSED] - setText(findTestObject("Login/Username"), "standard_user"): Text 'standard_user' is set on object 'Object Repository/Login/Username'

2023-10-22 21:41:29 - [MESSAGE][PASSED] - Text 'standard_user' is set on object 'Object Repository/Login/Username'

2023-10-22 21:41:29 - [TEST_STEP][PASSED] - setText(findTestObject("Login/Password"), "secret_sauce"): Text 'secret_sauce' is set on object 'Object Repository/Login/Password'

2023-10-22 21:41:30 - [MESSAGE][PASSED] - Text 'secret_sauce' is set on object 'Object Repository/Login/Password'

2023-10-22 21:41:30 - [TEST_STEP][PASSED] - click(findTestObject("Login/Login")): Object: 'Object Repository/Login/Login' is clicked on

2023-10-22 21:41:30 - [MESSAGE][PASSED] - Object: 'Object Repository/Login/Login' is clicked on

2023-10-22 21:41:30 - [MESSAGE][PASSED] - Call Test Case 'Test Cases/Positive_Case_Login/TC01_Login' successfully

2023-10-22 21:41:30 - [TEST_STEP][PASSED] - click(findTestObject("Add_TO_Card/Btn_Add_To_Card")): Object: 'Object Repository/Add_TO_Card/Btn_Add_To_Card' is clicked on

2023-10-22 21:41:31 - [MESSAGE][PASSED] - Object: 'Object Repository/Add_TO_Card/Btn_Add_To_Card' is clicked on

2023-10-22 21:41:31 - [MESSAGE][PASSED] - Call Test Case 'Test Cases/Positive_Case_Add_To_Card/TC02_Add_To_Card' successfully

2023-10-22 21:41:31 - [TEST_STEP][PASSED] - click(findTestObject("Check_Out/Btn_Keranjang")): Object: 'Object Repository/Check_Out/Btn_Keranjang' is clicked on

2023-10-22 21:41:32 - [MESSAGE][PASSED] - Object: 'Object Repository/Check_Out/Btn_Keranjang' is clicked on

2023-10-22 21:41:32 - [TEST_STEP][PASSED] - click(findTestObject("Check_Out/Btn_Check_Out")): Object: 'Object Repository/Check_Out/Btn_Check_Out' is clicked on

2023-10-22 21:41:33 - [MESSAGE][PASSED] - Object: 'Object Repository/Check_Out/Btn_Check_Out' is clicked on

2023-10-22 21:41:33 - [TEST_STEP][PASSED] - setText(findTestObject("Check_Out/First Name"), "Clarisa"): Text 'Clarisa' is set on object 'Object Repository/Check_Out/First Name'

2023-10-22 21:41:34 - [MESSAGE][PASSED] - Text 'Clarisa' is set on object 'Object Repository/Check_Out/First Name'

2023-10-22 21:41:34 - [TEST_STEP][PASSED] - setText(findTestObject("Check_Out/Last Name"), "Faradhita"): Text 'Faradhita' is set on object 'Object Repository/Check_Out/Last Name'

2023-10-22 21:41:35 - [MESSAGE][PASSED] - Text 'Faradhita' is set on object 'Object Repository/Check_Out/Last Name'

2023-10-22 21:41:35 - [TEST_STEP][PASSED] - setText(findTestObject("Check_Out/Zip Code"), "0098"): Text '0098' is set on object 'Object Repository/Check_Out/Zip Code'

2023-10-22 21:41:35 - [MESSAGE][PASSED] - Text '0098' is set on object 'Object Repository/Check_Out/Zip Code'

2023-10-22 21:41:35 - [TEST_STEP][PASSED] - click(findTestObject("Check_Out/Btn Continue")): Object: 'Object Repository/Check_Out/Btn Continue' is clicked on

2023-10-22 21:41:36 - [MESSAGE][PASSED] - Object: 'Object Repository/Check_Out/Btn Continue' is clicked on

2023-10-22 21:41:36 - [TEST_STEP][PASSED] - click(findTestObject("Check_Out/Btn_Finish")): Object: 'Object Repository/Check_Out/Btn_Finish' is clicked on

2023-10-22 21:41:37 - [MESSAGE][PASSED] - Object: 'Object Repository/Check_Out/Btn_Finish' is clicked on

2023-10-22 21:41:37 - [TEST_STEP][PASSED] - click(findTestObject("Check_Out/Btn_Back Home")): Object: 'Object Repository/Check_Out/Btn_Back Home' is clicked on

2023-10-22 21:41:38 - [MESSAGE][PASSED] - Object: 'Object Repository/Check_Out/Btn_Back Home' is clicked on]]></system-out>
         <system-err><![CDATA[]]></system-err>
      </testcase>
      <testcase name="Test Cases/Positive_Case_Logout/TC04_Logout" time="32.005" classname="Test Cases/Positive_Case_Logout/TC04_Logout" status="PASSED">
         <system-out><![CDATA[2023-10-22 21:41:38 - [TEST_CASE][PASSED] - Test Cases/Positive_Case_Logout/TC04_Logout: Test Cases/Positive_Case_Logout/TC04_Logout

2023-10-22 21:41:39 - [TEST_STEP][PASSED] - callTestCase(findTestCase("Positive_Case_Login/TC01_Login"), [:], STOP_ON_FAILURE): Call Test Case 'Test Cases/Positive_Case_Login/TC01_Login' successfully

2023-10-22 21:41:39 - [TEST_CASE][PASSED] - Test Cases/Positive_Case_Login/TC01_Login: Test Cases/Positive_Case_Login/TC01_Login

2023-10-22 21:41:39 - [TEST_STEP][PASSED] - openBrowser("https://www.saucedemo.com/"): Browser is opened with url: 'https://www.saucedemo.com/'

2023-10-22 21:41:39 - [MESSAGE][WARNING] - A browser is already opened. Closing browser and opening a new one

2023-10-22 21:41:42 - [MESSAGE][INFO] - Starting 'Firefox' driver

2023-10-22 21:41:42 - [MESSAGE][INFO] - Action delay is set to 0 milliseconds

2023-10-22 21:42:00 - [MESSAGE][PASSED] - Browser is opened with url: 'https://www.saucedemo.com/'

2023-10-22 21:42:00 - [TEST_STEP][PASSED] - setText(findTestObject("Login/Username"), "standard_user"): Text 'standard_user' is set on object 'Object Repository/Login/Username'

2023-10-22 21:42:04 - [MESSAGE][PASSED] - Text 'standard_user' is set on object 'Object Repository/Login/Username'

2023-10-22 21:42:04 - [TEST_STEP][PASSED] - setText(findTestObject("Login/Password"), "secret_sauce"): Text 'secret_sauce' is set on object 'Object Repository/Login/Password'

2023-10-22 21:42:05 - [MESSAGE][PASSED] - Text 'secret_sauce' is set on object 'Object Repository/Login/Password'

2023-10-22 21:42:05 - [TEST_STEP][PASSED] - click(findTestObject("Login/Login")): Object: 'Object Repository/Login/Login' is clicked on

2023-10-22 21:42:06 - [MESSAGE][PASSED] - Object: 'Object Repository/Login/Login' is clicked on

2023-10-22 21:42:06 - [MESSAGE][PASSED] - Call Test Case 'Test Cases/Positive_Case_Login/TC01_Login' successfully

2023-10-22 21:42:06 - [TEST_STEP][PASSED] - click(findTestObject("Logout/Btn_Add To Card")): Object: 'Object Repository/Logout/Btn_Add To Card' is clicked on

2023-10-22 21:42:07 - [MESSAGE][PASSED] - Object: 'Object Repository/Logout/Btn_Add To Card' is clicked on

2023-10-22 21:42:07 - [TEST_STEP][PASSED] - click(findTestObject("Logout/Btn_Keranjang")): Object: 'Object Repository/Logout/Btn_Keranjang' is clicked on

2023-10-22 21:42:07 - [MESSAGE][PASSED] - Object: 'Object Repository/Logout/Btn_Keranjang' is clicked on

2023-10-22 21:42:07 - [TEST_STEP][PASSED] - click(findTestObject("Logout/Btn_Continue Shopping")): Object: 'Object Repository/Logout/Btn_Continue Shopping' is clicked on

2023-10-22 21:42:08 - [MESSAGE][PASSED] - Object: 'Object Repository/Logout/Btn_Continue Shopping' is clicked on

2023-10-22 21:42:08 - [TEST_STEP][PASSED] - click(findTestObject("Logout/Btn_Trigram")): Object: 'Object Repository/Logout/Btn_Trigram' is clicked on

2023-10-22 21:42:09 - [MESSAGE][PASSED] - Object: 'Object Repository/Logout/Btn_Trigram' is clicked on

2023-10-22 21:42:09 - [TEST_STEP][PASSED] - click(findTestObject("Logout/Btn_Logout")): Object: 'Object Repository/Logout/Btn_Logout' is clicked on

2023-10-22 21:42:10 - [MESSAGE][PASSED] - Object: 'Object Repository/Logout/Btn_Logout' is clicked on]]></system-out>
         <system-err><![CDATA[]]></system-err>
      </testcase>
      <system-out><![CDATA[2023-10-22 21:36:58 - [TEST_SUITE][PASSED] - TS_Swaglabs: Test Cases/Positive_Case_Logout/TC04_Logout]]></system-out>
      <system-err><![CDATA[]]></system-err>
   </testsuite>
</testsuites>
